<?xml version="1.0" encoding="UTF-8"?>
<!-- Generated by org.testng.reporters.JUnitReportReporter -->
<testsuite hostname="LTIN191328" failures="0" tests="4" name="testCases.TC_003_LoanEMICalculator" time="7.821" errors="0" timestamp="2024-02-12T10:20:03 IST" skipped="0">
  <testcase classname="testCases.TC_003_LoanEMICalculator" name="textBoxValidation" time="0.201"/>
  <testcase classname="testCases.TC_003_LoanEMICalculator" name="sliderValidation" time="5.799"/>
  <testcase classname="testCases.TC_003_LoanEMICalculator" name="loanTenureValidation" time="0.313"/>
  <testcase classname="testCases.TC_003_LoanEMICalculator" name="selectCalculator" time="1.508"/>
</testsuite> <!-- testCases.TC_003_LoanEMICalculator -->
