<?xml version="1.0" encoding="UTF-8"?>
<!-- Generated by org.testng.reporters.JUnitReportReporter -->
<testsuite hostname="LTIN191328" failures="0" tests="3" name="testCases.TC_005_LoanTenureCalculator" time="10.579" errors="0" timestamp="2024-02-11T22:20:38 IST" skipped="0">
  <testcase classname="testCases.TC_005_LoanTenureCalculator" name="selectCalculator" time="5.689"/>
  <testcase classname="testCases.TC_005_LoanTenureCalculator" name="textBoxValidation" time="0.139"/>
  <testcase classname="testCases.TC_005_LoanTenureCalculator" name="sliderValidation" time="4.751"/>
</testsuite> <!-- testCases.TC_005_LoanTenureCalculator -->
