<?xml version="1.0" encoding="UTF-8"?>
<!-- Generated by org.testng.reporters.JUnitReportReporter -->
<testsuite hostname="LTIN191328" failures="0" tests="4" name="testCases.TC_004_LoanAmountCalculator" time="10.793" errors="0" timestamp="2024-02-11T22:20:38 IST" skipped="0">
  <testcase classname="testCases.TC_004_LoanAmountCalculator" name="textBoxValidation" time="0.130"/>
  <testcase classname="testCases.TC_004_LoanAmountCalculator" name="sliderValidation" time="4.967"/>
  <testcase classname="testCases.TC_004_LoanAmountCalculator" name="selectCalculator" time="5.487"/>
  <testcase classname="testCases.TC_004_LoanAmountCalculator" name="loanTenureValidation" time="0.209"/>
</testsuite> <!-- testCases.TC_004_LoanAmountCalculator -->
