<?xml version="1.0" encoding="UTF-8"?>
<!-- Generated by org.testng.reporters.JUnitReportReporter -->
<testsuite hostname="LTIN191328" failures="0" tests="4" name="testCases.TC_004_LoanAmountCalculator" time="6.595" errors="0" timestamp="2024-02-15T11:43:32 IST" skipped="0">
  <testcase classname="testCases.TC_004_LoanAmountCalculator" name="selectCalculator" time="1.376"/>
  <testcase classname="testCases.TC_004_LoanAmountCalculator" name="textBoxValidation" time="0.134"/>
  <testcase classname="testCases.TC_004_LoanAmountCalculator" name="sliderValidation" time="4.880"/>
  <testcase classname="testCases.TC_004_LoanAmountCalculator" name="loanTenureValidation" time="0.205"/>
</testsuite> <!-- testCases.TC_004_LoanAmountCalculator -->
