<?xml version="1.0" encoding="UTF-8"?>
<!-- Generated by org.testng.reporters.JUnitReportReporter -->
<testsuite hostname="LTIN191328" failures="0" tests="1" name="testCases.TC_001_CarLoan" time="6.758" errors="0" timestamp="2024-02-12T10:20:03 IST" skipped="0">
  <testcase classname="testCases.TC_001_CarLoan" name="CarEMICalculator" time="6.758"/>
</testsuite> <!-- testCases.TC_001_CarLoan -->
