<?xml version="1.0" encoding="UTF-8"?>
<!-- Generated by org.testng.reporters.JUnitReportReporter -->
<testsuite hostname="LTIN191328" failures="0" tests="4" name="testCases.TC_004_LoanAmountCalculator" time="6.975" errors="0" timestamp="2024-02-12T10:20:03 IST" skipped="0">
  <testcase classname="testCases.TC_004_LoanAmountCalculator" name="textBoxValidation" time="0.168"/>
  <testcase classname="testCases.TC_004_LoanAmountCalculator" name="sliderValidation" time="5.140"/>
  <testcase classname="testCases.TC_004_LoanAmountCalculator" name="selectCalculator" time="1.427"/>
  <testcase classname="testCases.TC_004_LoanAmountCalculator" name="loanTenureValidation" time="0.240"/>
</testsuite> <!-- testCases.TC_004_LoanAmountCalculator -->
