<?xml version="1.0" encoding="UTF-8"?>
<!-- Generated by org.testng.reporters.JUnitReportReporter -->
<testsuite hostname="LTIN191328" failures="0" tests="3" name="testCases.TC_005_LoanTenureCalculator" time="7.017" errors="0" timestamp="2024-02-12T10:20:03 IST" skipped="0">
  <testcase classname="testCases.TC_005_LoanTenureCalculator" name="textBoxValidation" time="0.158"/>
  <testcase classname="testCases.TC_005_LoanTenureCalculator" name="sliderValidation" time="5.320"/>
  <testcase classname="testCases.TC_005_LoanTenureCalculator" name="selectCalculator" time="1.539"/>
</testsuite> <!-- testCases.TC_005_LoanTenureCalculator -->
