<?xml version="1.0" encoding="UTF-8"?>
<!-- Generated by org.testng.reporters.JUnitReportReporter -->
<testsuite hostname="LTIN191328" failures="0" tests="2" name="testCases.TC_002_HomeLoan" time="8.532" errors="0" timestamp="2024-02-12T10:20:03 IST" skipped="0">
  <testcase classname="testCases.TC_002_HomeLoan" name="getYearOYearData" time="3.822"/>
  <testcase classname="testCases.TC_002_HomeLoan" name="homeEMICalculator" time="4.710"/>
</testsuite> <!-- testCases.TC_002_HomeLoan -->
