<?xml version="1.0" encoding="UTF-8"?>
<!-- Generated by org.testng.reporters.JUnitReportReporter -->
<testsuite hostname="LTIN191328" failures="0" tests="2" name="testCases.TC_002_HomeLoan" time="9.773" errors="0" timestamp="2024-02-11T22:20:38 IST" skipped="0">
  <testcase classname="testCases.TC_002_HomeLoan" name="homeEMICalculator" time="4.963"/>
  <testcase classname="testCases.TC_002_HomeLoan" name="getYearOYearData" time="4.810"/>
</testsuite> <!-- testCases.TC_002_HomeLoan -->
