<?xml version="1.0" encoding="UTF-8"?>
<!-- Generated by org.testng.reporters.JUnitReportReporter -->
<testsuite hostname="LTIN191328" failures="0" tests="4" name="testCases.TC_003_LoanEMICalculator" time="14.306" errors="0" timestamp="2024-02-11T22:20:38 IST" skipped="0">
  <testcase classname="testCases.TC_003_LoanEMICalculator" name="textBoxValidation" time="0.177"/>
  <testcase classname="testCases.TC_003_LoanEMICalculator" name="selectCalculator" time="8.581"/>
  <testcase classname="testCases.TC_003_LoanEMICalculator" name="loanTenureValidation" time="0.311"/>
  <testcase classname="testCases.TC_003_LoanEMICalculator" name="sliderValidation" time="5.237"/>
</testsuite> <!-- testCases.TC_003_LoanEMICalculator -->
