<?xml version="1.0" encoding="UTF-8"?>
<!-- Generated by org.testng.reporters.JUnitReportReporter -->
<testsuite hostname="LTIN191328" failures="0" tests="4" name="testCases.TC_003_LoanEMICalculator" time="7.962" errors="0" timestamp="2024-02-15T11:43:32 IST" skipped="0">
  <testcase classname="testCases.TC_003_LoanEMICalculator" name="selectCalculator" time="1.680"/>
  <testcase classname="testCases.TC_003_LoanEMICalculator" name="sliderValidation" time="5.887"/>
  <testcase classname="testCases.TC_003_LoanEMICalculator" name="loanTenureValidation" time="0.234"/>
  <testcase classname="testCases.TC_003_LoanEMICalculator" name="textBoxValidation" time="0.161"/>
</testsuite> <!-- testCases.TC_003_LoanEMICalculator -->
